Notice	76f23b4	1212
README	f92ed640	8656
src/cds.c	147aded1	4221
src/data.c	32116b2	10688
src/defines.h	fd9fa7c5	8720
src/defs.h	e48cebb	34523
src/equiv.c	fdeff25	9340
src/error.c	ef1dd812	5015
src/exec.c	e8f52ce0	21217
src/expr.c	6bfe005	72276
src/f2c.1	b0441b2	7532
src/f2c.1t	bf1f87	7574
src/f2c.h	1821c855	4706
src/format.c	f00da069	59974
src/format.h	b396862	458
src/formatdata.c	1f0f56eb	28988
src/ftypes.h	e2533d86	1836
src/gram.c	3794117	64242
src/gram.dcl	e38579ff	8463
src/gram.exec	e20ca496	3033
src/gram.expr	eca86241	3193
src/gram.head	e6bbfeab	7362
src/gram.io	101f7521	3350
src/init.c	fe1abab5	11833
src/intr.c	1ebf37ee	25016
src/io.c	1739e50	30664
src/iob.h	ece45655	548
src/lex.c	1b0d5df9	34746
src/machdefs.h	4950e5b	659
src/main.c	e23f7b59	20898
src/makefile.u	e0dd1cab	3710
src/makefile.vc	eb8aae7c	2685
src/malloc.c	3505600	4020
src/mem.c	ad64d7c	5437
src/memset.c	12a1e1aa	2121
src/misc.c	8d99c9	22945
src/names.c	fa887031	21553
src/names.h	110806d6	569
src/niceprintf.c	141fb644	10950
src/niceprintf.h	c31f08c	412
src/output.c	ff23aa0b	43483
src/output.h	fa6797d9	2103
src/p1defs.h	1b02743	5741
src/p1output.c	ff485aba	14681
src/parse.h	18d34e6b	1119
src/parse_args.c	eb2fd4ea	14145
src/pccdefs.h	1b4fbbee	1195
src/pread.c	fb4d5427	17831
src/proc.c	11c23d0c	39191
src/put.c	af0be95	10345
src/putpcc.c	7669b2f	46093
src/sysdep.c	f34bbeb6	15877
src/sysdep.h	e7826434	2755
src/sysdeptest.c	449a7d0	428
src/tokens	188b7c5d	733
src/usignal.h	1c4ce909	124
src/vax.c	8b21b83	12436
src/version.c	e5949299	107
src/xsum.c	e52f7b45	6655
